This file contains any messages produced by compilers while
running configure, to aid debugging if configure makes a mistake.

It was created by desmume configure svn, which was
generated by GNU Autoconf 2.69.  Invocation command line was

  $ ./configure --host=arm-linux-gnueabihf

## --------- ##
## Platform. ##
## --------- ##

hostname = debian
uname -m = x86_64
uname -r = 4.19.0-9-amd64
uname -s = Linux
uname -v = #1 SMP Debian 4.19.118-2 (2020-04-29)

/usr/bin/uname -p = unknown
/bin/uname -X     = unknown

/bin/arch              = x86_64
/usr/bin/arch -k       = unknown
/usr/convex/getsysinfo = unknown
/usr/bin/hostinfo      = unknown
/bin/machine           = unknown
/usr/bin/oslevel       = unknown
/bin/universe          = unknown

PATH: /home/steward/.cargo/bin
PATH: /usr/local/bin
PATH: /usr/bin
PATH: /bin
PATH: /usr/local/games
PATH: /usr/games


## ----------- ##
## Core tests. ##
## ----------- ##

configure:2447: checking build system type
configure:2461: result: x86_64-pc-linux-gnu
configure:2481: checking host system type
configure:2494: result: arm-unknown-linux-gnueabihf
configure:2568: checking for a BSD-compatible install
configure:2636: result: /usr/bin/install -c
configure:2647: checking whether build environment is sane
configure:2702: result: yes
configure:2759: checking for arm-linux-gnueabihf-strip
configure:2775: found /usr/bin/arm-linux-gnueabihf-strip
configure:2786: result: arm-linux-gnueabihf-strip
configure:2851: checking for a thread-safe mkdir -p
configure:2890: result: /usr/bin/mkdir -p
configure:2897: checking for gawk
configure:2913: found /usr/bin/gawk
configure:2924: result: gawk
configure:2935: checking whether make sets $(MAKE)
configure:2957: result: yes
configure:2986: checking whether make supports nested variables
configure:3003: result: yes
configure:3082: checking how to create a pax tar archive
configure:3093: tar --version
tar (GNU tar) 1.30
Copyright (C) 2017 Free Software Foundation, Inc.
License GPLv3+: GNU GPL version 3 or later <https://gnu.org/licenses/gpl.html>.
This is free software: you are free to change and redistribute it.
There is NO WARRANTY, to the extent permitted by law.

Written by John Gilmore and Jay Fenlason.
configure:3096: $? = 0
configure:3136: tardir=conftest.dir && eval tar --format=posix -chf - "$tardir" >conftest.tar
configure:3139: $? = 0
configure:3143: tar -xf - <conftest.tar
configure:3146: $? = 0
configure:3148: cat conftest.dir/file
GrepMe
configure:3151: $? = 0
configure:3164: result: gnutar
configure:3327: checking for C++ compiler version
configure:3336: /opt/mmiyoo/bin/arm-linux-gnueabihf-g++ --version >&5
arm-linux-gnueabihf-g++ (GNU Toolchain for the A-profile Architecture 8.2-2018-08 (arm-rel-8.23)) 8.2.1 20180802
Copyright (C) 2018 Free Software Foundation, Inc.
This is free software; see the source for copying conditions.  There is NO
warranty; not even for MERCHANTABILITY or FITNESS FOR A PARTICULAR PURPOSE.

configure:3347: $? = 0
configure:3336: /opt/mmiyoo/bin/arm-linux-gnueabihf-g++ -v >&5
Using built-in specs.
COLLECT_GCC=/opt/prebuilt/bin/arm-linux-gnueabihf-g++
COLLECT_LTO_WRAPPER=/opt/prebuilt/bin/../libexec/gcc/arm-linux-gnueabihf/8.2.1/lto-wrapper
Target: arm-linux-gnueabihf
Configured with: /tmp/dgboter/bbs/bc-b1-2-11--rhe6x86_64/buildbot/rhe6x86_64--arm-linux-gnueabihf/build/src/gcc/configure --target=arm-linux-gnueabihf --prefix= --with-sysroot=/arm-linux-gnueabihf/libc --with-build-sysroot=/tmp/dgboter/bbs/bc-b1-2-11--rhe6x86_64/buildbot/rhe6x86_64--arm-linux-gnueabihf/build/build-arm-linux-gnueabihf/install//arm-linux-gnueabihf/libc --enable-gnu-indirect-function --enable-shared --disable-libssp --disable-libmudflap --disable-libsanitizer --enable-checking=release --enable-languages=c,c++,fortran --with-gmp=/tmp/dgboter/bbs/bc-b1-2-11--rhe6x86_64/buildbot/rhe6x86_64--arm-linux-gnueabihf/build/build-arm-linux-gnueabihf/host-tools --with-mpfr=/tmp/dgboter/bbs/bc-b1-2-11--rhe6x86_64/buildbot/rhe6x86_64--arm-linux-gnueabihf/build/build-arm-linux-gnueabihf/host-tools --with-mpc=/tmp/dgboter/bbs/bc-b1-2-11--rhe6x86_64/buildbot/rhe6x86_64--arm-linux-gnueabihf/build/build-arm-linux-gnueabihf/host-tools --with-isl=/tmp/dgboter/bbs/bc-b1-2-11--rhe6x86_64/buildbot/rhe6x86_64--arm-linux-gnueabihf/build/build-arm-linux-gnueabihf/host-tools --with-arch=armv7-a --with-fpu=neon --with-float=hard --with-arch=armv7-a --with-pkgversion='GNU Toolchain for the A-profile Architecture 8.2-2018-08 (arm-rel-8.23)'
Thread model: posix
gcc version 8.2.1 20180802 (GNU Toolchain for the A-profile Architecture 8.2-2018-08 (arm-rel-8.23)) 
configure:3347: $? = 0
configure:3336: /opt/mmiyoo/bin/arm-linux-gnueabihf-g++ -V >&5
arm-linux-gnueabihf-g++: error: unrecognized command line option '-V'
arm-linux-gnueabihf-g++: fatal error: no input files
compilation terminated.
configure:3347: $? = 1
configure:3336: /opt/mmiyoo/bin/arm-linux-gnueabihf-g++ -qversion >&5
arm-linux-gnueabihf-g++: error: unrecognized command line option '-qversion'; did you mean '--version'?
arm-linux-gnueabihf-g++: fatal error: no input files
compilation terminated.
configure:3347: $? = 1
configure:3367: checking whether the C++ compiler works
configure:3389: /opt/mmiyoo/bin/arm-linux-gnueabihf-g++    conftest.cpp  >&5
configure:3393: $? = 0
configure:3441: result: yes
configure:3444: checking for C++ compiler default output file name
configure:3446: result: a.out
configure:3452: checking for suffix of executables
configure:3459: /opt/mmiyoo/bin/arm-linux-gnueabihf-g++ -o conftest    conftest.cpp  >&5
configure:3463: $? = 0
configure:3485: result: 
configure:3507: checking whether we are cross compiling
configure:3515: /opt/mmiyoo/bin/arm-linux-gnueabihf-g++ -o conftest    conftest.cpp  >&5
configure:3519: $? = 0
configure:3526: ./conftest
/lib/ld-linux-armhf.so.3: No such file or directory
configure:3530: $? = 255
configure:3518: result: yes
configure:3523: checking for suffix of object files
configure:3545: /opt/mmiyoo/bin/arm-linux-gnueabihf-g++ -c   conftest.cpp >&5
configure:3549: $? = 0
configure:3570: result: o
configure:3574: checking whether we are using the GNU C++ compiler
configure:3593: /opt/mmiyoo/bin/arm-linux-gnueabihf-g++ -c   conftest.cpp >&5
configure:3593: $? = 0
configure:3602: result: yes
configure:3611: checking whether /opt/mmiyoo/bin/arm-linux-gnueabihf-g++ accepts -g
configure:3631: /opt/mmiyoo/bin/arm-linux-gnueabihf-g++ -c -g  conftest.cpp >&5
configure:3631: $? = 0
configure:3672: result: yes
configure:3698: checking whether make supports the include directive
configure:3713: make -f confmf.GNU && cat confinc.out
this is the am__doit target
configure:3716: $? = 0
configure:3735: result: yes (GNU style)
configure:3760: checking dependency style of /opt/mmiyoo/bin/arm-linux-gnueabihf-g++
configure:3871: result: gcc3
configure:3890: checking for arm-linux-gnueabihf-ranlib
configure:3906: found /usr/bin/arm-linux-gnueabihf-ranlib
configure:3917: result: arm-linux-gnueabihf-ranlib
configure:3988: checking for arm-linux-gnueabihf-gcc
configure:4015: result: /opt/mmiyoo/bin/arm-linux-gnueabihf-gcc
configure:4284: checking for C compiler version
configure:4293: /opt/mmiyoo/bin/arm-linux-gnueabihf-gcc --version >&5
arm-linux-gnueabihf-gcc (GNU Toolchain for the A-profile Architecture 8.2-2018-08 (arm-rel-8.23)) 8.2.1 20180802
Copyright (C) 2018 Free Software Foundation, Inc.
This is free software; see the source for copying conditions.  There is NO
warranty; not even for MERCHANTABILITY or FITNESS FOR A PARTICULAR PURPOSE.

configure:4304: $? = 0
configure:4293: /opt/mmiyoo/bin/arm-linux-gnueabihf-gcc -v >&5
Using built-in specs.
COLLECT_GCC=/opt/prebuilt/bin/arm-linux-gnueabihf-gcc
COLLECT_LTO_WRAPPER=/opt/prebuilt/bin/../libexec/gcc/arm-linux-gnueabihf/8.2.1/lto-wrapper
Target: arm-linux-gnueabihf
Configured with: /tmp/dgboter/bbs/bc-b1-2-11--rhe6x86_64/buildbot/rhe6x86_64--arm-linux-gnueabihf/build/src/gcc/configure --target=arm-linux-gnueabihf --prefix= --with-sysroot=/arm-linux-gnueabihf/libc --with-build-sysroot=/tmp/dgboter/bbs/bc-b1-2-11--rhe6x86_64/buildbot/rhe6x86_64--arm-linux-gnueabihf/build/build-arm-linux-gnueabihf/install//arm-linux-gnueabihf/libc --enable-gnu-indirect-function --enable-shared --disable-libssp --disable-libmudflap --disable-libsanitizer --enable-checking=release --enable-languages=c,c++,fortran --with-gmp=/tmp/dgboter/bbs/bc-b1-2-11--rhe6x86_64/buildbot/rhe6x86_64--arm-linux-gnueabihf/build/build-arm-linux-gnueabihf/host-tools --with-mpfr=/tmp/dgboter/bbs/bc-b1-2-11--rhe6x86_64/buildbot/rhe6x86_64--arm-linux-gnueabihf/build/build-arm-linux-gnueabihf/host-tools --with-mpc=/tmp/dgboter/bbs/bc-b1-2-11--rhe6x86_64/buildbot/rhe6x86_64--arm-linux-gnueabihf/build/build-arm-linux-gnueabihf/host-tools --with-isl=/tmp/dgboter/bbs/bc-b1-2-11--rhe6x86_64/buildbot/rhe6x86_64--arm-linux-gnueabihf/build/build-arm-linux-gnueabihf/host-tools --with-arch=armv7-a --with-fpu=neon --with-float=hard --with-arch=armv7-a --with-pkgversion='GNU Toolchain for the A-profile Architecture 8.2-2018-08 (arm-rel-8.23)'
Thread model: posix
gcc version 8.2.1 20180802 (GNU Toolchain for the A-profile Architecture 8.2-2018-08 (arm-rel-8.23)) 
configure:4304: $? = 0
configure:4293: /opt/mmiyoo/bin/arm-linux-gnueabihf-gcc -V >&5
arm-linux-gnueabihf-gcc: error: unrecognized command line option '-V'
arm-linux-gnueabihf-gcc: fatal error: no input files
compilation terminated.
configure:4304: $? = 1
configure:4293: /opt/mmiyoo/bin/arm-linux-gnueabihf-gcc -qversion >&5
arm-linux-gnueabihf-gcc: error: unrecognized command line option '-qversion'; did you mean '--version'?
arm-linux-gnueabihf-gcc: fatal error: no input files
compilation terminated.
configure:4304: $? = 1
configure:4308: checking whether we are using the GNU C compiler
configure:4327: /opt/mmiyoo/bin/arm-linux-gnueabihf-gcc -c   conftest.c >&5
configure:4327: $? = 0
configure:4336: result: yes
configure:4345: checking whether /opt/mmiyoo/bin/arm-linux-gnueabihf-gcc accepts -g
configure:4365: /opt/mmiyoo/bin/arm-linux-gnueabihf-gcc -c -g  conftest.c >&5
configure:4365: $? = 0
configure:4406: result: yes
configure:4423: checking for /opt/mmiyoo/bin/arm-linux-gnueabihf-gcc option to accept ISO C89
configure:4486: /opt/mmiyoo/bin/arm-linux-gnueabihf-gcc  -c -g -O2  conftest.c >&5
configure:4486: $? = 0
configure:4499: result: none needed
configure:4524: checking whether /opt/mmiyoo/bin/arm-linux-gnueabihf-gcc understands -c and -o together
configure:4546: /opt/mmiyoo/bin/arm-linux-gnueabihf-gcc -c conftest.c -o conftest2.o
configure:4549: $? = 0
configure:4546: /opt/mmiyoo/bin/arm-linux-gnueabihf-gcc -c conftest.c -o conftest2.o
configure:4549: $? = 0
configure:4561: result: yes
configure:4580: checking dependency style of /opt/mmiyoo/bin/arm-linux-gnueabihf-gcc
configure:4691: result: gcc3
configure:4712: checking how to run the C preprocessor
configure:4743: /opt/mmiyoo/bin/arm-linux-gnueabihf-gcc -E  conftest.c
configure:4743: $? = 0
configure:4757: /opt/mmiyoo/bin/arm-linux-gnueabihf-gcc -E  conftest.c
conftest.c:11:10: fatal error: ac_nonexistent.h: No such file or directory
 #include <ac_nonexistent.h>
          ^~~~~~~~~~~~~~~~~~
compilation terminated.
configure:4757: $? = 1
configure: failed program was:
| /* confdefs.h */
| #define PACKAGE_NAME "desmume"
| #define PACKAGE_TARNAME "desmume"
| #define PACKAGE_VERSION "svn"
| #define PACKAGE_STRING "desmume svn"
| #define PACKAGE_BUGREPORT ""
| #define PACKAGE_URL ""
| #define PACKAGE "desmume"
| #define VERSION "svn"
| /* end confdefs.h.  */
| #include <ac_nonexistent.h>
configure:4782: result: /opt/mmiyoo/bin/arm-linux-gnueabihf-gcc -E
configure:4802: /opt/mmiyoo/bin/arm-linux-gnueabihf-gcc -E  conftest.c
configure:4802: $? = 0
configure:4816: /opt/mmiyoo/bin/arm-linux-gnueabihf-gcc -E  conftest.c
conftest.c:11:10: fatal error: ac_nonexistent.h: No such file or directory
 #include <ac_nonexistent.h>
          ^~~~~~~~~~~~~~~~~~
compilation terminated.
configure:4816: $? = 1
configure: failed program was:
| /* confdefs.h */
| #define PACKAGE_NAME "desmume"
| #define PACKAGE_TARNAME "desmume"
| #define PACKAGE_VERSION "svn"
| #define PACKAGE_STRING "desmume svn"
| #define PACKAGE_BUGREPORT ""
| #define PACKAGE_URL ""
| #define PACKAGE "desmume"
| #define VERSION "svn"
| /* end confdefs.h.  */
| #include <ac_nonexistent.h>
configure:4845: checking for grep that handles long lines and -e
configure:4903: result: /usr/bin/grep
configure:4908: checking for egrep
configure:4970: result: /usr/bin/grep -E
configure:4975: checking for ANSI C header files
configure:4995: /opt/mmiyoo/bin/arm-linux-gnueabihf-gcc -c -g -O2  conftest.c >&5
configure:4995: $? = 0
configure:5079: result: yes
configure:5092: checking for sys/types.h
configure:5092: /opt/mmiyoo/bin/arm-linux-gnueabihf-gcc -c -g -O2  conftest.c >&5
configure:5092: $? = 0
configure:5092: result: yes
configure:5092: checking for sys/stat.h
configure:5092: /opt/mmiyoo/bin/arm-linux-gnueabihf-gcc -c -g -O2  conftest.c >&5
configure:5092: $? = 0
configure:5092: result: yes
configure:5092: checking for stdlib.h
configure:5092: /opt/mmiyoo/bin/arm-linux-gnueabihf-gcc -c -g -O2  conftest.c >&5
configure:5092: $? = 0
configure:5092: result: yes
configure:5092: checking for string.h
configure:5092: /opt/mmiyoo/bin/arm-linux-gnueabihf-gcc -c -g -O2  conftest.c >&5
configure:5092: $? = 0
configure:5092: result: yes
configure:5092: checking for memory.h
configure:5092: /opt/mmiyoo/bin/arm-linux-gnueabihf-gcc -c -g -O2  conftest.c >&5
configure:5092: $? = 0
configure:5092: result: yes
configure:5092: checking for strings.h
configure:5092: /opt/mmiyoo/bin/arm-linux-gnueabihf-gcc -c -g -O2  conftest.c >&5
configure:5092: $? = 0
configure:5092: result: yes
configure:5092: checking for inttypes.h
configure:5092: /opt/mmiyoo/bin/arm-linux-gnueabihf-gcc -c -g -O2  conftest.c >&5
configure:5092: $? = 0
configure:5092: result: yes
configure:5092: checking for stdint.h
configure:5092: /opt/mmiyoo/bin/arm-linux-gnueabihf-gcc -c -g -O2  conftest.c >&5
configure:5092: $? = 0
configure:5092: result: yes
configure:5092: checking for unistd.h
configure:5092: /opt/mmiyoo/bin/arm-linux-gnueabihf-gcc -c -g -O2  conftest.c >&5
configure:5092: $? = 0
configure:5092: result: yes
configure:5104: checking whether byte ordering is bigendian
configure:5119: /opt/mmiyoo/bin/arm-linux-gnueabihf-gcc -c -g -O2  conftest.c >&5
conftest.c:22:9: error: unknown type name 'not'
         not a universal capable compiler
         ^~~
conftest.c:22:15: error: expected '=', ',', ';', 'asm' or '__attribute__' before 'universal'
         not a universal capable compiler
               ^~~~~~~~~
conftest.c:22:15: error: unknown type name 'universal'
configure:5119: $? = 1
configure: failed program was:
| /* confdefs.h */
| #define PACKAGE_NAME "desmume"
| #define PACKAGE_TARNAME "desmume"
| #define PACKAGE_VERSION "svn"
| #define PACKAGE_STRING "desmume svn"
| #define PACKAGE_BUGREPORT ""
| #define PACKAGE_URL ""
| #define PACKAGE "desmume"
| #define VERSION "svn"
| #define STDC_HEADERS 1
| #define HAVE_SYS_TYPES_H 1
| #define HAVE_SYS_STAT_H 1
| #define HAVE_STDLIB_H 1
| #define HAVE_STRING_H 1
| #define HAVE_MEMORY_H 1
| #define HAVE_STRINGS_H 1
| #define HAVE_INTTYPES_H 1
| #define HAVE_STDINT_H 1
| #define HAVE_UNISTD_H 1
| /* end confdefs.h.  */
| #ifndef __APPLE_CC__
| 	       not a universal capable compiler
| 	     #endif
| 	     typedef int dummy;
| 
configure:5164: /opt/mmiyoo/bin/arm-linux-gnueabihf-gcc -c -g -O2  conftest.c >&5
configure:5164: $? = 0
configure:5182: /opt/mmiyoo/bin/arm-linux-gnueabihf-gcc -c -g -O2  conftest.c >&5
conftest.c: In function 'main':
conftest.c:28:4: error: unknown type name 'not'; did you mean 'ino_t'?
    not big endian
    ^~~
    ino_t
conftest.c:28:12: error: expected '=', ',', ';', 'asm' or '__attribute__' before 'endian'
    not big endian
            ^~~~~~
configure:5182: $? = 1
configure: failed program was:
| /* confdefs.h */
| #define PACKAGE_NAME "desmume"
| #define PACKAGE_TARNAME "desmume"
| #define PACKAGE_VERSION "svn"
| #define PACKAGE_STRING "desmume svn"
| #define PACKAGE_BUGREPORT ""
| #define PACKAGE_URL ""
| #define PACKAGE "desmume"
| #define VERSION "svn"
| #define STDC_HEADERS 1
| #define HAVE_SYS_TYPES_H 1
| #define HAVE_SYS_STAT_H 1
| #define HAVE_STDLIB_H 1
| #define HAVE_STRING_H 1
| #define HAVE_MEMORY_H 1
| #define HAVE_STRINGS_H 1
| #define HAVE_INTTYPES_H 1
| #define HAVE_STDINT_H 1
| #define HAVE_UNISTD_H 1
| /* end confdefs.h.  */
| #include <sys/types.h>
| 		#include <sys/param.h>
| 
| int
| main ()
| {
| #if BYTE_ORDER != BIG_ENDIAN
| 		 not big endian
| 		#endif
| 
|   ;
|   return 0;
| }
configure:5310: result: no
configure:5346: checking for gzopen in -lz
configure:5371: /opt/mmiyoo/bin/arm-linux-gnueabihf-gcc -o conftest -g -O2   conftest.c -lz   >&5
configure:5371: $? = 0
configure:5380: result: yes
configure:5394: checking for main in -lpcap
configure:5413: /opt/mmiyoo/bin/arm-linux-gnueabihf-gcc -o conftest -g -O2   conftest.c -lpcap  -lz  >&5
configure:5413: $? = 0
configure:5422: result: yes
configure:5431: checking for zzip_open in -lzzip
configure:5456: /opt/mmiyoo/bin/arm-linux-gnueabihf-gcc -o conftest -g -O2   conftest.c -lzzip  -lz  -lpcap >&5
/opt/prebuilt/bin/../lib/gcc/arm-linux-gnueabihf/8.2.1/../../../../arm-linux-gnueabihf/bin/ld: cannot find -lzzip
collect2: error: ld returned 1 exit status
configure:5456: $? = 1
configure: failed program was:
| /* confdefs.h */
| #define PACKAGE_NAME "desmume"
| #define PACKAGE_TARNAME "desmume"
| #define PACKAGE_VERSION "svn"
| #define PACKAGE_STRING "desmume svn"
| #define PACKAGE_BUGREPORT ""
| #define PACKAGE_URL ""
| #define PACKAGE "desmume"
| #define VERSION "svn"
| #define STDC_HEADERS 1
| #define HAVE_SYS_TYPES_H 1
| #define HAVE_SYS_STAT_H 1
| #define HAVE_STDLIB_H 1
| #define HAVE_STRING_H 1
| #define HAVE_MEMORY_H 1
| #define HAVE_STRINGS_H 1
| #define HAVE_INTTYPES_H 1
| #define HAVE_STDINT_H 1
| #define HAVE_UNISTD_H 1
| #define SVN_REV 0
| #define SVN_REV_STR "0"
| #define HAVE_LIBZ 1
| /* end confdefs.h.  */
| 
| /* Override any GCC internal prototype to avoid an error.
|    Use char because int might match the return type of a GCC
|    builtin and then its argument prototype would still apply.  */
| #ifdef __cplusplus
| extern "C"
| #endif
| char zzip_open ();
| int
| main ()
| {
| return zzip_open ();
|   ;
|   return 0;
| }
configure:5465: result: no
configure:5501: checking for X
configure:5609: /opt/mmiyoo/bin/arm-linux-gnueabihf-gcc -E  conftest.c
configure:5609: $? = 0
configure:5640: /opt/mmiyoo/bin/arm-linux-gnueabihf-gcc -o conftest -g -O2   conftest.c -lX11 -lz  -lpcap >&5
configure:5640: $? = 0
configure:5690: result: libraries , headers 
configure:5699: checking for sdl2-config
configure:5729: result: /opt/mmiyoo/arm-buildroot-linux-gnueabihf/sysroot/usr/bin/sdl2-config
configure:5751: checking GL/gl.h usability
configure:5751: /opt/mmiyoo/bin/arm-linux-gnueabihf-gcc -c -g -O2  conftest.c >&5
conftest.c:57:10: fatal error: GL/gl.h: No such file or directory
 #include <GL/gl.h>
          ^~~~~~~~~
compilation terminated.
configure:5751: $? = 1
configure: failed program was:
| /* confdefs.h */
| #define PACKAGE_NAME "desmume"
| #define PACKAGE_TARNAME "desmume"
| #define PACKAGE_VERSION "svn"
| #define PACKAGE_STRING "desmume svn"
| #define PACKAGE_BUGREPORT ""
| #define PACKAGE_URL ""
| #define PACKAGE "desmume"
| #define VERSION "svn"
| #define STDC_HEADERS 1
| #define HAVE_SYS_TYPES_H 1
| #define HAVE_SYS_STAT_H 1
| #define HAVE_STDLIB_H 1
| #define HAVE_STRING_H 1
| #define HAVE_MEMORY_H 1
| #define HAVE_STRINGS_H 1
| #define HAVE_INTTYPES_H 1
| #define HAVE_STDINT_H 1
| #define HAVE_UNISTD_H 1
| #define SVN_REV 0
| #define SVN_REV_STR "0"
| #define HAVE_LIBZ 1
| /* end confdefs.h.  */
| #include <stdio.h>
| #ifdef HAVE_SYS_TYPES_H
| # include <sys/types.h>
| #endif
| #ifdef HAVE_SYS_STAT_H
| # include <sys/stat.h>
| #endif
| #ifdef STDC_HEADERS
| # include <stdlib.h>
| # include <stddef.h>
| #else
| # ifdef HAVE_STDLIB_H
| #  include <stdlib.h>
| # endif
| #endif
| #ifdef HAVE_STRING_H
| # if !defined STDC_HEADERS && defined HAVE_MEMORY_H
| #  include <memory.h>
| # endif
| # include <string.h>
| #endif
| #ifdef HAVE_STRINGS_H
| # include <strings.h>
| #endif
| #ifdef HAVE_INTTYPES_H
| # include <inttypes.h>
| #endif
| #ifdef HAVE_STDINT_H
| # include <stdint.h>
| #endif
| #ifdef HAVE_UNISTD_H
| # include <unistd.h>
| #endif
| #include <GL/gl.h>
configure:5751: result: no
configure:5751: checking GL/gl.h presence
configure:5751: /opt/mmiyoo/bin/arm-linux-gnueabihf-gcc -E  conftest.c
conftest.c:24:10: fatal error: GL/gl.h: No such file or directory
 #include <GL/gl.h>
          ^~~~~~~~~
compilation terminated.
configure:5751: $? = 1
configure: failed program was:
| /* confdefs.h */
| #define PACKAGE_NAME "desmume"
| #define PACKAGE_TARNAME "desmume"
| #define PACKAGE_VERSION "svn"
| #define PACKAGE_STRING "desmume svn"
| #define PACKAGE_BUGREPORT ""
| #define PACKAGE_URL ""
| #define PACKAGE "desmume"
| #define VERSION "svn"
| #define STDC_HEADERS 1
| #define HAVE_SYS_TYPES_H 1
| #define HAVE_SYS_STAT_H 1
| #define HAVE_STDLIB_H 1
| #define HAVE_STRING_H 1
| #define HAVE_MEMORY_H 1
| #define HAVE_STRINGS_H 1
| #define HAVE_INTTYPES_H 1
| #define HAVE_STDINT_H 1
| #define HAVE_UNISTD_H 1
| #define SVN_REV 0
| #define SVN_REV_STR "0"
| #define HAVE_LIBZ 1
| /* end confdefs.h.  */
| #include <GL/gl.h>
configure:5751: result: no
configure:5751: checking for GL/gl.h
configure:5751: result: no
configure:6016: checking for arm-linux-gnueabihf-pkg-config
configure:6034: found /usr/bin/arm-linux-gnueabihf-pkg-config
configure:6046: result: /usr/bin/arm-linux-gnueabihf-pkg-config
configure:6114: checking pkg-config is at least version 0.9.0
configure:6117: result: yes
configure:6127: checking for GTHREAD
configure:6134: $PKG_CONFIG --exists --print-errors ""gthread-2.0""
Package gthread-2.0 was not found in the pkg-config search path.
Perhaps you should add the directory containing `gthread-2.0.pc'
to the PKG_CONFIG_PATH environment variable
No package 'gthread-2.0' found
configure:6137: $? = 1
configure:6151: $PKG_CONFIG --exists --print-errors ""gthread-2.0""
Package gthread-2.0 was not found in the pkg-config search path.
Perhaps you should add the directory containing `gthread-2.0.pc'
to the PKG_CONFIG_PATH environment variable
No package 'gthread-2.0' found
configure:6154: $? = 1
configure:6168: result: no
No package 'gthread-2.0' found
configure:6385: checking for update-desktop-database
configure:6403: found /usr/bin/update-desktop-database
configure:6415: result: /usr/bin/update-desktop-database
configure:6427: checking for LUA
configure:6434: $PKG_CONFIG --exists --print-errors "lua >= 5.1"
Package lua was not found in the pkg-config search path.
Perhaps you should add the directory containing `lua.pc'
to the PKG_CONFIG_PATH environment variable
No package 'lua' found
configure:6437: $? = 1
configure:6451: $PKG_CONFIG --exists --print-errors "lua >= 5.1"
Package lua was not found in the pkg-config search path.
Perhaps you should add the directory containing `lua.pc'
to the PKG_CONFIG_PATH environment variable
No package 'lua' found
configure:6454: $? = 1
configure:6468: result: no
No package 'lua' found
configure:6498: checking for LUA
configure:6505: $PKG_CONFIG --exists --print-errors "lua5.1 >= 5.1"
Package lua5.1 was not found in the pkg-config search path.
Perhaps you should add the directory containing `lua5.1.pc'
to the PKG_CONFIG_PATH environment variable
No package 'lua5.1' found
configure:6508: $? = 1
configure:6522: $PKG_CONFIG --exists --print-errors "lua5.1 >= 5.1"
Package lua5.1 was not found in the pkg-config search path.
Perhaps you should add the directory containing `lua5.1.pc'
to the PKG_CONFIG_PATH environment variable
No package 'lua5.1' found
configure:6525: $? = 1
configure:6539: result: no
No package 'lua5.1' found
configure:6581: checking for ALSA
configure:6588: $PKG_CONFIG --exists --print-errors "alsa >= 1.0"
Package alsa was not found in the pkg-config search path.
Perhaps you should add the directory containing `alsa.pc'
to the PKG_CONFIG_PATH environment variable
No package 'alsa' found
configure:6591: $? = 1
configure:6605: $PKG_CONFIG --exists --print-errors "alsa >= 1.0"
Package alsa was not found in the pkg-config search path.
Perhaps you should add the directory containing `alsa.pc'
to the PKG_CONFIG_PATH environment variable
No package 'alsa' found
configure:6608: $? = 1
configure:6622: result: no
No package 'alsa' found
configure:6664: checking for LIBAGG
configure:6671: $PKG_CONFIG --exists --print-errors "libagg >= 2.4.0"
Package libagg was not found in the pkg-config search path.
Perhaps you should add the directory containing `libagg.pc'
to the PKG_CONFIG_PATH environment variable
No package 'libagg' found
configure:6674: $? = 1
configure:6688: $PKG_CONFIG --exists --print-errors "libagg >= 2.4.0"
Package libagg was not found in the pkg-config search path.
Perhaps you should add the directory containing `libagg.pc'
to the PKG_CONFIG_PATH environment variable
No package 'libagg' found
configure:6691: $? = 1
configure:6705: result: no
No package 'libagg' found
configure:6754: checking for LIBSOUNDTOUCH
configure:6761: $PKG_CONFIG --exists --print-errors "soundtouch >= 1.5.0"
Package soundtouch was not found in the pkg-config search path.
Perhaps you should add the directory containing `soundtouch.pc'
to the PKG_CONFIG_PATH environment variable
No package 'soundtouch' found
configure:6764: $? = 1
configure:6778: $PKG_CONFIG --exists --print-errors "soundtouch >= 1.5.0"
Package soundtouch was not found in the pkg-config search path.
Perhaps you should add the directory containing `soundtouch.pc'
to the PKG_CONFIG_PATH environment variable
No package 'soundtouch' found
configure:6781: $? = 1
configure:6795: result: no
No package 'soundtouch' found
configure:6837: WARNING: SoundTouch library not found, pcsx2 resampler will be disabled
configure:8215: checking whether __SSE2__ is declared
configure:8215: /opt/mmiyoo/bin/arm-linux-gnueabihf-gcc -c -g -O2  conftest.c >&5
conftest.c: In function 'main':
conftest.c:67:10: error: '__SSE2__' undeclared (first use in this function); did you mean '__LINE__'?
   (void) __SSE2__;
          ^~~~~~~~
          __LINE__
conftest.c:67:10: note: each undeclared identifier is reported only once for each function it appears in
configure:8215: $? = 1
configure: failed program was:
| /* confdefs.h */
| #define PACKAGE_NAME "desmume"
| #define PACKAGE_TARNAME "desmume"
| #define PACKAGE_VERSION "svn"
| #define PACKAGE_STRING "desmume svn"
| #define PACKAGE_BUGREPORT ""
| #define PACKAGE_URL ""
| #define PACKAGE "desmume"
| #define VERSION "svn"
| #define STDC_HEADERS 1
| #define HAVE_SYS_TYPES_H 1
| #define HAVE_SYS_STAT_H 1
| #define HAVE_STDLIB_H 1
| #define HAVE_STRING_H 1
| #define HAVE_MEMORY_H 1
| #define HAVE_STRINGS_H 1
| #define HAVE_INTTYPES_H 1
| #define HAVE_STDINT_H 1
| #define HAVE_UNISTD_H 1
| #define SVN_REV 0
| #define SVN_REV_STR "0"
| #define HAVE_LIBZ 1
| #define FAKE_MIC 1
| #define HOST_LINUX 1
| #define HOST_32 1
| /* end confdefs.h.  */
| #include <stdio.h>
| #ifdef HAVE_SYS_TYPES_H
| # include <sys/types.h>
| #endif
| #ifdef HAVE_SYS_STAT_H
| # include <sys/stat.h>
| #endif
| #ifdef STDC_HEADERS
| # include <stdlib.h>
| # include <stddef.h>
| #else
| # ifdef HAVE_STDLIB_H
| #  include <stdlib.h>
| # endif
| #endif
| #ifdef HAVE_STRING_H
| # if !defined STDC_HEADERS && defined HAVE_MEMORY_H
| #  include <memory.h>
| # endif
| # include <string.h>
| #endif
| #ifdef HAVE_STRINGS_H
| # include <strings.h>
| #endif
| #ifdef HAVE_INTTYPES_H
| # include <inttypes.h>
| #endif
| #ifdef HAVE_STDINT_H
| # include <stdint.h>
| #endif
| #ifdef HAVE_UNISTD_H
| # include <unistd.h>
| #endif
| int
| main ()
| {
| #ifndef __SSE2__
| #ifdef __cplusplus
|   (void) __SSE2__;
| #else
|   (void) __SSE2__;
| #endif
| #endif
| 
|   ;
|   return 0;
| }
configure:8215: result: no
configure:8229: checking whether __AVX2__ is declared
configure:8229: /opt/mmiyoo/bin/arm-linux-gnueabihf-gcc -c -g -O2  conftest.c >&5
conftest.c: In function 'main':
conftest.c:67:10: error: '__AVX2__' undeclared (first use in this function); did you mean '__LINE__'?
   (void) __AVX2__;
          ^~~~~~~~
          __LINE__
conftest.c:67:10: note: each undeclared identifier is reported only once for each function it appears in
configure:8229: $? = 1
configure: failed program was:
| /* confdefs.h */
| #define PACKAGE_NAME "desmume"
| #define PACKAGE_TARNAME "desmume"
| #define PACKAGE_VERSION "svn"
| #define PACKAGE_STRING "desmume svn"
| #define PACKAGE_BUGREPORT ""
| #define PACKAGE_URL ""
| #define PACKAGE "desmume"
| #define VERSION "svn"
| #define STDC_HEADERS 1
| #define HAVE_SYS_TYPES_H 1
| #define HAVE_SYS_STAT_H 1
| #define HAVE_STDLIB_H 1
| #define HAVE_STRING_H 1
| #define HAVE_MEMORY_H 1
| #define HAVE_STRINGS_H 1
| #define HAVE_INTTYPES_H 1
| #define HAVE_STDINT_H 1
| #define HAVE_UNISTD_H 1
| #define SVN_REV 0
| #define SVN_REV_STR "0"
| #define HAVE_LIBZ 1
| #define FAKE_MIC 1
| #define HOST_LINUX 1
| #define HOST_32 1
| /* end confdefs.h.  */
| #include <stdio.h>
| #ifdef HAVE_SYS_TYPES_H
| # include <sys/types.h>
| #endif
| #ifdef HAVE_SYS_STAT_H
| # include <sys/stat.h>
| #endif
| #ifdef STDC_HEADERS
| # include <stdlib.h>
| # include <stddef.h>
| #else
| # ifdef HAVE_STDLIB_H
| #  include <stdlib.h>
| # endif
| #endif
| #ifdef HAVE_STRING_H
| # if !defined STDC_HEADERS && defined HAVE_MEMORY_H
| #  include <memory.h>
| # endif
| # include <string.h>
| #endif
| #ifdef HAVE_STRINGS_H
| # include <strings.h>
| #endif
| #ifdef HAVE_INTTYPES_H
| # include <inttypes.h>
| #endif
| #ifdef HAVE_STDINT_H
| # include <stdint.h>
| #endif
| #ifdef HAVE_UNISTD_H
| # include <unistd.h>
| #endif
| int
| main ()
| {
| #ifndef __AVX2__
| #ifdef __cplusplus
|   (void) __AVX2__;
| #else
|   (void) __AVX2__;
| #endif
| #endif
| 
|   ;
|   return 0;
| }
configure:8229: result: no
configure:8243: checking whether __ALTIVEC__ is declared
configure:8243: /opt/mmiyoo/bin/arm-linux-gnueabihf-gcc -c -g -O2  conftest.c >&5
conftest.c: In function 'main':
conftest.c:67:10: error: '__ALTIVEC__' undeclared (first use in this function); did you mean '__LINE__'?
   (void) __ALTIVEC__;
          ^~~~~~~~~~~
          __LINE__
conftest.c:67:10: note: each undeclared identifier is reported only once for each function it appears in
configure:8243: $? = 1
configure: failed program was:
| /* confdefs.h */
| #define PACKAGE_NAME "desmume"
| #define PACKAGE_TARNAME "desmume"
| #define PACKAGE_VERSION "svn"
| #define PACKAGE_STRING "desmume svn"
| #define PACKAGE_BUGREPORT ""
| #define PACKAGE_URL ""
| #define PACKAGE "desmume"
| #define VERSION "svn"
| #define STDC_HEADERS 1
| #define HAVE_SYS_TYPES_H 1
| #define HAVE_SYS_STAT_H 1
| #define HAVE_STDLIB_H 1
| #define HAVE_STRING_H 1
| #define HAVE_MEMORY_H 1
| #define HAVE_STRINGS_H 1
| #define HAVE_INTTYPES_H 1
| #define HAVE_STDINT_H 1
| #define HAVE_UNISTD_H 1
| #define SVN_REV 0
| #define SVN_REV_STR "0"
| #define HAVE_LIBZ 1
| #define FAKE_MIC 1
| #define HOST_LINUX 1
| #define HOST_32 1
| /* end confdefs.h.  */
| #include <stdio.h>
| #ifdef HAVE_SYS_TYPES_H
| # include <sys/types.h>
| #endif
| #ifdef HAVE_SYS_STAT_H
| # include <sys/stat.h>
| #endif
| #ifdef STDC_HEADERS
| # include <stdlib.h>
| # include <stddef.h>
| #else
| # ifdef HAVE_STDLIB_H
| #  include <stdlib.h>
| # endif
| #endif
| #ifdef HAVE_STRING_H
| # if !defined STDC_HEADERS && defined HAVE_MEMORY_H
| #  include <memory.h>
| # endif
| # include <string.h>
| #endif
| #ifdef HAVE_STRINGS_H
| # include <strings.h>
| #endif
| #ifdef HAVE_INTTYPES_H
| # include <inttypes.h>
| #endif
| #ifdef HAVE_STDINT_H
| # include <stdint.h>
| #endif
| #ifdef HAVE_UNISTD_H
| # include <unistd.h>
| #endif
| int
| main ()
| {
| #ifndef __ALTIVEC__
| #ifdef __cplusplus
|   (void) __ALTIVEC__;
| #else
|   (void) __ALTIVEC__;
| #endif
| #endif
| 
|   ;
|   return 0;
| }
configure:8243: result: no
configure:8337: checking whether to enable maintainer-specific portions of Makefiles
configure:8346: result: no
configure:8501: checking that generated files are newer than configure
configure:8507: result: done
configure:8587: creating ./config.status

## ---------------------- ##
## Running config.status. ##
## ---------------------- ##

This file was extended by desmume config.status svn, which was
generated by GNU Autoconf 2.69.  Invocation command line was

  CONFIG_FILES    = 
  CONFIG_HEADERS  = 
  CONFIG_LINKS    = 
  CONFIG_COMMANDS = 
  $ ./config.status 

on debian

config.status:876: creating Makefile
config.status:876: creating cli/Makefile
config.status:876: creating cli/doc/Makefile
config.status:876: creating gtk2/Makefile
config.status:876: creating gtk2/doc/Makefile
config.status:876: creating gtk-glade/Makefile
config.status:876: creating gtk-glade/doc/Makefile
config.status:1048: executing depfiles commands
config.status:1125: cd .       && sed -e '/# am--include-marker/d' Makefile         | make -f - am--depfiles
make: Nothing to be done for 'am--depfiles'.
config.status:1130: $? = 0
config.status:1125: cd cli       && sed -e '/# am--include-marker/d' Makefile         | make -f - am--depfiles
make: Nothing to be done for 'am--depfiles'.
config.status:1130: $? = 0
config.status:1125: cd gtk2       && sed -e '/# am--include-marker/d' Makefile         | make -f - am--depfiles
make: Nothing to be done for 'am--depfiles'.
config.status:1130: $? = 0
config.status:1125: cd gtk-glade       && sed -e '/# am--include-marker/d' Makefile         | make -f - am--depfiles
make: Nothing to be done for 'am--depfiles'.
config.status:1130: $? = 0

## ---------------- ##
## Cache variables. ##
## ---------------- ##

ac_cv_build=x86_64-pc-linux-gnu
ac_cv_c_bigendian=no
ac_cv_c_compiler_gnu=yes
ac_cv_cxx_compiler_gnu=yes
ac_cv_env_ALSA_CFLAGS_set=
ac_cv_env_ALSA_CFLAGS_value=
ac_cv_env_ALSA_LIBS_set=
ac_cv_env_ALSA_LIBS_value=
ac_cv_env_CCC_set=
ac_cv_env_CCC_value=
ac_cv_env_CC_set=set
ac_cv_env_CC_value=/opt/mmiyoo/bin/arm-linux-gnueabihf-gcc
ac_cv_env_CFLAGS_set=
ac_cv_env_CFLAGS_value=
ac_cv_env_CPPFLAGS_set=
ac_cv_env_CPPFLAGS_value=
ac_cv_env_CPP_set=
ac_cv_env_CPP_value=
ac_cv_env_CXXFLAGS_set=
ac_cv_env_CXXFLAGS_value=
ac_cv_env_CXX_set=set
ac_cv_env_CXX_value=/opt/mmiyoo/bin/arm-linux-gnueabihf-g++
ac_cv_env_GTHREAD_CFLAGS_set=
ac_cv_env_GTHREAD_CFLAGS_value=
ac_cv_env_GTHREAD_LIBS_set=
ac_cv_env_GTHREAD_LIBS_value=
ac_cv_env_GTKGLEXT_CFLAGS_set=
ac_cv_env_GTKGLEXT_CFLAGS_value=
ac_cv_env_GTKGLEXT_LIBS_set=
ac_cv_env_GTKGLEXT_LIBS_value=
ac_cv_env_LDFLAGS_set=
ac_cv_env_LDFLAGS_value=
ac_cv_env_LIBAGG_CFLAGS_set=
ac_cv_env_LIBAGG_CFLAGS_value=
ac_cv_env_LIBAGG_LIBS_set=
ac_cv_env_LIBAGG_LIBS_value=
ac_cv_env_LIBGLADE_CFLAGS_set=
ac_cv_env_LIBGLADE_CFLAGS_value=
ac_cv_env_LIBGLADE_LIBS_set=
ac_cv_env_LIBGLADE_LIBS_value=
ac_cv_env_LIBSOUNDTOUCH_CFLAGS_set=
ac_cv_env_LIBSOUNDTOUCH_CFLAGS_value=
ac_cv_env_LIBSOUNDTOUCH_LIBS_set=
ac_cv_env_LIBSOUNDTOUCH_LIBS_value=
ac_cv_env_LIBS_set=
ac_cv_env_LIBS_value=
ac_cv_env_LUA_CFLAGS_set=
ac_cv_env_LUA_CFLAGS_value=
ac_cv_env_LUA_LIBS_set=
ac_cv_env_LUA_LIBS_value=
ac_cv_env_PKG_CONFIG_LIBDIR_set=
ac_cv_env_PKG_CONFIG_LIBDIR_value=
ac_cv_env_PKG_CONFIG_PATH_set=
ac_cv_env_PKG_CONFIG_PATH_value=
ac_cv_env_PKG_CONFIG_set=
ac_cv_env_PKG_CONFIG_value=
ac_cv_env_XMKMF_set=
ac_cv_env_XMKMF_value=
ac_cv_env_build_alias_set=
ac_cv_env_build_alias_value=
ac_cv_env_host_alias_set=set
ac_cv_env_host_alias_value=arm-linux-gnueabihf
ac_cv_env_target_alias_set=
ac_cv_env_target_alias_value=
ac_cv_have_decl___ALTIVEC__=no
ac_cv_have_decl___AVX2__=no
ac_cv_have_decl___SSE2__=no
ac_cv_have_x='have_x=yes	ac_x_includes='\'''\''	ac_x_libraries='\'''\'''
ac_cv_header_GL_gl_h=no
ac_cv_header_inttypes_h=yes
ac_cv_header_memory_h=yes
ac_cv_header_stdc=yes
ac_cv_header_stdint_h=yes
ac_cv_header_stdlib_h=yes
ac_cv_header_string_h=yes
ac_cv_header_strings_h=yes
ac_cv_header_sys_stat_h=yes
ac_cv_header_sys_types_h=yes
ac_cv_header_unistd_h=yes
ac_cv_host=arm-unknown-linux-gnueabihf
ac_cv_lib_pcap_main=yes
ac_cv_lib_z_gzopen=yes
ac_cv_lib_zzip_zzip_open=no
ac_cv_objext=o
ac_cv_path_EGREP='/usr/bin/grep -E'
ac_cv_path_GREP=/usr/bin/grep
ac_cv_path_PKG_CONFIG=/usr/bin/arm-linux-gnueabihf-pkg-config
ac_cv_path_SDLCONFIG=/opt/mmiyoo/arm-buildroot-linux-gnueabihf/sysroot/usr/bin/sdl2-config
ac_cv_path_UPDATEDESKTOP=/usr/bin/update-desktop-database
ac_cv_path_install='/usr/bin/install -c'
ac_cv_path_mkdir=/usr/bin/mkdir
ac_cv_prog_AWK=gawk
ac_cv_prog_CC=/opt/mmiyoo/bin/arm-linux-gnueabihf-gcc
ac_cv_prog_CPP='/opt/mmiyoo/bin/arm-linux-gnueabihf-gcc -E'
ac_cv_prog_RANLIB=arm-linux-gnueabihf-ranlib
ac_cv_prog_STRIP=arm-linux-gnueabihf-strip
ac_cv_prog_cc_c89=
ac_cv_prog_cc_g=yes
ac_cv_prog_cxx_g=yes
ac_cv_prog_make_make_set=yes
am_cv_CC_dependencies_compiler_type=gcc3
am_cv_CXX_dependencies_compiler_type=gcc3
am_cv_make_support_nested_variables=yes
am_cv_prog_cc_c_o=yes
am_cv_prog_tar_pax=gnutar

## ----------------- ##
## Output variables. ##
## ----------------- ##

ACLOCAL='${SHELL} /home/steward/Data/sdl/desmume/src/frontend/posix/missing aclocal-1.16'
ALSA_CFLAGS=''
ALSA_LIBS=''
AMDEPBACKSLASH='\'
AMDEP_FALSE='#'
AMDEP_TRUE=''
AMTAR='$${TAR-tar}'
AM_BACKSLASH='\'
AM_DEFAULT_V='$(AM_DEFAULT_VERBOSITY)'
AM_DEFAULT_VERBOSITY='1'
AM_V='$(V)'
AUTOCONF='${SHELL} /home/steward/Data/sdl/desmume/src/frontend/posix/missing autoconf'
AUTOHEADER='${SHELL} /home/steward/Data/sdl/desmume/src/frontend/posix/missing autoheader'
AUTOMAKE='${SHELL} /home/steward/Data/sdl/desmume/src/frontend/posix/missing automake-1.16'
AWK='gawk'
CATALOGS=''
CATOBJEXT=''
CC='/opt/mmiyoo/bin/arm-linux-gnueabihf-gcc'
CCDEPMODE='depmode=gcc3'
CFLAGS='-g -O2'
CPP='/opt/mmiyoo/bin/arm-linux-gnueabihf-gcc -E'
CPPFLAGS=''
CXX='/opt/mmiyoo/bin/arm-linux-gnueabihf-g++'
CXXDEPMODE='depmode=gcc3'
CXXFLAGS='-g -O2'
CYGPATH_W='echo'
DATADIRNAME=''
DEFS='-DPACKAGE_NAME=\"desmume\" -DPACKAGE_TARNAME=\"desmume\" -DPACKAGE_VERSION=\"svn\" -DPACKAGE_STRING=\"desmume\ svn\" -DPACKAGE_BUGREPORT=\"\" -DPACKAGE_URL=\"\" -DPACKAGE=\"desmume\" -DVERSION=\"svn\" -DSTDC_HEADERS=1 -DHAVE_SYS_TYPES_H=1 -DHAVE_SYS_STAT_H=1 -DHAVE_STDLIB_H=1 -DHAVE_STRING_H=1 -DHAVE_MEMORY_H=1 -DHAVE_STRINGS_H=1 -DHAVE_INTTYPES_H=1 -DHAVE_STDINT_H=1 -DHAVE_UNISTD_H=1 -DSVN_REV=0 -DSVN_REV_STR=\"0\" -DHAVE_LIBZ=1 -DFAKE_MIC=1 -DHOST_LINUX=1 -DHOST_32=1'
DEPDIR='.deps'
ECHO_C=''
ECHO_N='-n'
ECHO_T=''
EGREP='/usr/bin/grep -E'
EXEEXT=''
GETTEXT_PACKAGE=''
GLADEUI_UNINSTALLED_DIR=''
GMOFILES=''
GMSGFMT=''
GREP='/usr/bin/grep'
GTHREAD_CFLAGS=''
GTHREAD_LIBS=''
GTKGLEXT_CFLAGS=''
GTKGLEXT_LIBS=''
GTK_CFLAGS=''
GTK_LIBS=''
HAVE_ALSA_FALSE=''
HAVE_ALSA_TRUE='#'
HAVE_GDB_STUB_FALSE=''
HAVE_GDB_STUB_TRUE='#'
HAVE_GL_FALSE=''
HAVE_GL_TRUE='#'
HAVE_JIT_FALSE=''
HAVE_JIT_TRUE='#'
HAVE_LIBAGG_FALSE=''
HAVE_LIBAGG_TRUE='#'
HAVE_LIBOSMESA_FALSE=''
HAVE_LIBOSMESA_TRUE='#'
HAVE_LIBSOUNDTOUCH_FALSE=''
HAVE_LIBSOUNDTOUCH_TRUE='#'
HAVE_LUA_FALSE=''
HAVE_LUA_TRUE='#'
HAVE_OPENAL_FALSE=''
HAVE_OPENAL_TRUE='#'
INSTALL_DATA='${INSTALL} -m 644'
INSTALL_PROGRAM='${INSTALL}'
INSTALL_SCRIPT='${INSTALL}'
INSTALL_STRIP_PROGRAM='$(install_sh) -c -s'
INSTOBJEXT=''
INTLLIBS=''
INTL_MACOSX_LIBS=''
LDFLAGS=''
LIBAGG_CFLAGS=''
LIBAGG_LIBS=''
LIBGLADE_CFLAGS=''
LIBGLADE_LIBS=''
LIBOBJS=''
LIBS='-lz  -lpcap'
LIBSOUNDTOUCH_CFLAGS=''
LIBSOUNDTOUCH_LIBS=''
LTLIBOBJS=''
LUA_CFLAGS=''
LUA_LIBS=''
MAINT='#'
MAINTAINER_MODE_FALSE=''
MAINTAINER_MODE_TRUE='#'
MAKEINFO='${SHELL} /home/steward/Data/sdl/desmume/src/frontend/posix/missing makeinfo'
MKDIR_P='/usr/bin/mkdir -p'
MKINSTALLDIRS=''
MSGFMT=''
MSGFMT_OPTS=''
OBJEXT='o'
OSMESA_LIBS=''
PACKAGE='desmume'
PACKAGE_BUGREPORT=''
PACKAGE_NAME='desmume'
PACKAGE_STRING='desmume svn'
PACKAGE_TARNAME='desmume'
PACKAGE_URL=''
PACKAGE_VERSION='svn'
PATH_SEPARATOR=':'
PKG_CONFIG='/usr/bin/arm-linux-gnueabihf-pkg-config'
PKG_CONFIG_LIBDIR=''
PKG_CONFIG_PATH=''
POFILES=''
POSUB=''
PO_DIR=''
PO_IN_DATADIR_FALSE=''
PO_IN_DATADIR_TRUE=''
RANLIB='arm-linux-gnueabihf-ranlib'
SDLCONFIG='/opt/mmiyoo/arm-buildroot-linux-gnueabihf/sysroot/usr/bin/sdl2-config'
SDL_CFLAGS='-I/opt/mmiyoo/arm-buildroot-linux-gnueabihf/sysroot/usr/bin/../../usr/include/SDL2 -D_REENTRANT'
SDL_LIBS='-L/opt/mmiyoo/arm-buildroot-linux-gnueabihf/sysroot/usr/bin/../../usr/lib -lSDL2'
SET_MAKE=''
SHELL='/bin/sh'
STRIP='arm-linux-gnueabihf-strip'
SUPPORT_ALTIVEC_FALSE=''
SUPPORT_ALTIVEC_TRUE='#'
SUPPORT_AVX2_FALSE=''
SUPPORT_AVX2_TRUE='#'
SUPPORT_SSE2_FALSE=''
SUPPORT_SSE2_TRUE='#'
UI_DIR='cli '
UPDATEDESKTOP='/usr/bin/update-desktop-database'
USE_MAINTAINER_MODE='no'
USE_NLS=''
VERSION='svn'
XGETTEXT=''
XMKMF=''
X_CFLAGS=''
X_EXTRA_LIBS=''
X_LIBS=''
X_PRE_LIBS=''
ac_ct_CC=''
ac_ct_CXX=''
am__EXEEXT_FALSE=''
am__EXEEXT_TRUE='#'
am__fastdepCC_FALSE='#'
am__fastdepCC_TRUE=''
am__fastdepCXX_FALSE='#'
am__fastdepCXX_TRUE=''
am__include='include'
am__isrc=''
am__leading_dot='.'
am__nodep='_no'
am__quote=''
am__tar='tar --format=posix -chf - "$$tardir"'
am__untar='tar -xf -'
bindir='${exec_prefix}/bin'
build='x86_64-pc-linux-gnu'
build_alias=''
build_cpu='x86_64'
build_os='linux-gnu'
build_vendor='pc'
datadir='${datarootdir}'
datarootdir='${prefix}/share'
desmume_arch='linux'
docdir='${datarootdir}/doc/${PACKAGE_TARNAME}'
dvidir='${docdir}'
exec_prefix='${prefix}'
host='arm-unknown-linux-gnueabihf'
host_alias='arm-linux-gnueabihf'
host_cpu='arm'
host_os='linux-gnueabihf'
host_vendor='unknown'
htmldir='${docdir}'
includedir='${prefix}/include'
infodir='${datarootdir}/info'
install_sh='${SHELL} /home/steward/Data/sdl/desmume/src/frontend/posix/install-sh'
libdir='${exec_prefix}/lib'
libexecdir='${exec_prefix}/libexec'
localedir='${datarootdir}/locale'
localstatedir='${prefix}/var'
mandir='${datarootdir}/man'
mkdir_p='$(MKDIR_P)'
oldincludedir='/usr/include'
pdfdir='${docdir}'
prefix='/usr/local'
program_transform_name='s,x,x,'
psdir='${docdir}'
runstatedir='${localstatedir}/run'
sbindir='${exec_prefix}/sbin'
sharedstatedir='${prefix}/com'
sysconfdir='${prefix}/etc'
target_alias=''

## ----------- ##
## confdefs.h. ##
## ----------- ##

/* confdefs.h */
#define PACKAGE_NAME "desmume"
#define PACKAGE_TARNAME "desmume"
#define PACKAGE_VERSION "svn"
#define PACKAGE_STRING "desmume svn"
#define PACKAGE_BUGREPORT ""
#define PACKAGE_URL ""
#define PACKAGE "desmume"
#define VERSION "svn"
#define STDC_HEADERS 1
#define HAVE_SYS_TYPES_H 1
#define HAVE_SYS_STAT_H 1
#define HAVE_STDLIB_H 1
#define HAVE_STRING_H 1
#define HAVE_MEMORY_H 1
#define HAVE_STRINGS_H 1
#define HAVE_INTTYPES_H 1
#define HAVE_STDINT_H 1
#define HAVE_UNISTD_H 1
#define SVN_REV 0
#define SVN_REV_STR "0"
#define HAVE_LIBZ 1
#define FAKE_MIC 1
#define HOST_LINUX 1
#define HOST_32 1

configure: exit 0
